2025-08-15 11:12:41.130826: E external/local_xla/xla/stream_executor/cuda/cuda_fft.cc:485] Unable to register cuFFT factory: Attempting to register factory for plugin cuFFT when one has already been registered
2025-08-15 11:12:41.149305: E external/local_xla/xla/stream_executor/cuda/cuda_dnn.cc:8454] Unable to register cuDNN factory: Attempting to register factory for plugin cuDNN when one has already been registered
2025-08-15 11:12:41.154953: E external/local_xla/xla/stream_executor/cuda/cuda_blas.cc:1452] Unable to register cuBLAS factory: Attempting to register factory for plugin cuBLAS when one has already been registered
WARNING: All log messages before absl::InitializeLog() is called are written to STDERR
E0000 00:00:1755227563.106804  286856 gl_context.cc:408] INTERNAL: ; RET_CHECK failure (mediapipe/gpu/gl_context_egl.cc:303) successeglMakeCurrent() returned error 0x3008;  (entering GL context)
E0000 00:00:1755227563.106855  286856 gl_context.cc:408] INTERNAL: ; RET_CHECK failure (mediapipe/gpu/gl_context_egl.cc:303) successeglMakeCurrent() returned error 0x3008;  (entering GL context)
E0000 00:00:1755227563.106868  286856 gl_context.cc:408] INTERNAL: ; RET_CHECK failure (mediapipe/gpu/gl_context_egl.cc:303) successeglMakeCurrent() returned error 0x3008;  (entering GL context)
INFO: Created TensorFlow Lite XNNPACK delegate for CPU.
[DEBUG] total .json: 59
[DEBUG] filtered by whitelist: 20
[DEBUG] first 5 after filter: ['07-05.json', '07-06.json', '08-01.json', '08-02.json', '08-03.json']
evaluation~ forward!


[INFO] Processing 07-05 (1/20)
[INFO] Preprocessed 1942/1942 frames -> /home/siming/physformer_pure/Inference_PURE_JSON_withpre/PURE_pre_frames
/mnt/vdb/pure/07-05.json
E0000 00:00:1755227656.111622  286856 gl_context.cc:408] INTERNAL: ; RET_CHECK failure (mediapipe/gpu/gl_context_egl.cc:303) successeglMakeCurrent() returned error 0x3008;  (entering GL context)
E0000 00:00:1755227656.111665  286856 gl_context.cc:408] INTERNAL: ; RET_CHECK failure (mediapipe/gpu/gl_context_egl.cc:303) successeglMakeCurrent() returned error 0x3008;  (entering GL context)
E0000 00:00:1755227656.111678  286856 gl_context.cc:408] INTERNAL: ; RET_CHECK failure (mediapipe/gpu/gl_context_egl.cc:303) successeglMakeCurrent() returned error 0x3008;  (entering GL context)
[INFO] 07-05 | Clip 0 | Pred: 133.00 | GT: 145.00
[INFO] 07-05 | Clip 1 | Pred: 137.00 | GT: 133.00
[INFO] 07-05 | Clip 2 | Pred: 137.00 | GT: 134.00
[INFO] 07-05 | Clip 3 | Pred: 135.00 | GT: 139.00
[INFO] 07-05 | Clip 4 | Pred: 136.00 | GT: 133.00
[INFO] 07-05 | Clip 5 | Pred: 133.00 | GT: 135.00
[INFO] 07-05 | Clip 6 | Pred: 129.00 | GT: 134.00
[INFO] 07-05 | Clip 7 | Pred: 132.00 | GT: 129.00
[INFO] 07-05 | Clip 8 | Pred: 119.00 | GT: 132.00
[INFO] 07-05 | Clip 9 | Pred: 128.00 | GT: 121.00
[INFO] 07-05 | Clip 10 | Pred: 130.00 | GT: 127.00
[INFO] Saved clip HR results to /home/siming/physformer_pure/Inference_PURE_JSON_withpre/clip_HR_results.csv

[INFO] Processing 07-06 (2/20)
[INFO] Preprocessed 1960/1960 frames -> /home/siming/physformer_pure/Inference_PURE_JSON_withpre/PURE_pre_frames
/mnt/vdb/pure/07-06.json
E0000 00:00:1755227758.028543  286856 gl_context.cc:408] INTERNAL: ; RET_CHECK failure (mediapipe/gpu/gl_context_egl.cc:303) successeglMakeCurrent() returned error 0x3008;  (entering GL context)
E0000 00:00:1755227758.028595  286856 gl_context.cc:408] INTERNAL: ; RET_CHECK failure (mediapipe/gpu/gl_context_egl.cc:303) successeglMakeCurrent() returned error 0x3008;  (entering GL context)
E0000 00:00:1755227758.028612  286856 gl_context.cc:408] INTERNAL: ; RET_CHECK failure (mediapipe/gpu/gl_context_egl.cc:303) successeglMakeCurrent() returned error 0x3008;  (entering GL context)
[INFO] 07-06 | Clip 0 | Pred: 134.00 | GT: 129.00
[INFO] 07-06 | Clip 1 | Pred: 129.00 | GT: 137.00
[INFO] 07-06 | Clip 2 | Pred: 131.00 | GT: 129.00
[INFO] 07-06 | Clip 3 | Pred: 132.00 | GT: 131.00
[INFO] 07-06 | Clip 4 | Pred: 133.00 | GT: 132.00
[INFO] 07-06 | Clip 5 | Pred: 132.00 | GT: 133.00
[INFO] 07-06 | Clip 6 | Pred: 132.00 | GT: 134.00
[INFO] 07-06 | Clip 7 | Pred: 131.00 | GT: 134.00
[INFO] 07-06 | Clip 8 | Pred: 129.00 | GT: 133.00
[INFO] 07-06 | Clip 9 | Pred: 127.00 | GT: 133.00
[INFO] 07-06 | Clip 10 | Pred: 131.00 | GT: 127.00
[INFO] Saved clip HR results to /home/siming/physformer_pure/Inference_PURE_JSON_withpre/clip_HR_results.csv

[INFO] Processing 08-01 (3/20)
[INFO] Preprocessed 1963/1963 frames -> /home/siming/physformer_pure/Inference_PURE_JSON_withpre/PURE_pre_frames
/mnt/vdb/pure/08-01.json
E0000 00:00:1755227860.205246  286856 gl_context.cc:408] INTERNAL: ; RET_CHECK failure (mediapipe/gpu/gl_context_egl.cc:303) successeglMakeCurrent() returned error 0x3008;  (entering GL context)
E0000 00:00:1755227860.205309  286856 gl_context.cc:408] INTERNAL: ; RET_CHECK failure (mediapipe/gpu/gl_context_egl.cc:303) successeglMakeCurrent() returned error 0x3008;  (entering GL context)
E0000 00:00:1755227860.205329  286856 gl_context.cc:408] INTERNAL: ; RET_CHECK failure (mediapipe/gpu/gl_context_egl.cc:303) successeglMakeCurrent() returned error 0x3008;  (entering GL context)
[INFO] 08-01 | Clip 0 | Pred: 48.00 | GT: 54.00
[INFO] 08-01 | Clip 1 | Pred: 46.00 | GT: 53.00
[INFO] 08-01 | Clip 2 | Pred: 47.00 | GT: 51.00
[INFO] 08-01 | Clip 3 | Pred: 48.00 | GT: 50.00
[INFO] 08-01 | Clip 4 | Pred: 46.00 | GT: 49.00
[INFO] 08-01 | Clip 5 | Pred: 46.00 | GT: 49.00
[INFO] 08-01 | Clip 6 | Pred: 52.00 | GT: 49.00
[INFO] 08-01 | Clip 7 | Pred: 89.00 | GT: 49.00
[INFO] 08-01 | Clip 8 | Pred: 45.00 | GT: 49.00
[INFO] 08-01 | Clip 9 | Pred: 44.00 | GT: 48.00
[INFO] 08-01 | Clip 10 | Pred: 92.00 | GT: 48.00
[INFO] Saved clip HR results to /home/siming/physformer_pure/Inference_PURE_JSON_withpre/clip_HR_results.csv

[INFO] Processing 08-02 (4/20)
[INFO] Preprocessed 1978/1978 frames -> /home/siming/physformer_pure/Inference_PURE_JSON_withpre/PURE_pre_frames
/mnt/vdb/pure/08-02.json
E0000 00:00:1755227960.186689  286856 gl_context.cc:408] INTERNAL: ; RET_CHECK failure (mediapipe/gpu/gl_context_egl.cc:303) successeglMakeCurrent() returned error 0x3008;  (entering GL context)
E0000 00:00:1755227960.186735  286856 gl_context.cc:408] INTERNAL: ; RET_CHECK failure (mediapipe/gpu/gl_context_egl.cc:303) successeglMakeCurrent() returned error 0x3008;  (entering GL context)
E0000 00:00:1755227960.186753  286856 gl_context.cc:408] INTERNAL: ; RET_CHECK failure (mediapipe/gpu/gl_context_egl.cc:303) successeglMakeCurrent() returned error 0x3008;  (entering GL context)
[INFO] 08-02 | Clip 0 | Pred: 59.00 | GT: 53.00
[INFO] 08-02 | Clip 1 | Pred: 60.00 | GT: 54.00
[INFO] 08-02 | Clip 2 | Pred: 61.00 | GT: 54.00
[INFO] 08-02 | Clip 3 | Pred: 57.00 | GT: 54.00
[INFO] 08-02 | Clip 4 | Pred: 58.00 | GT: 54.00
[INFO] 08-02 | Clip 5 | Pred: 65.00 | GT: 54.00
[INFO] 08-02 | Clip 6 | Pred: 61.00 | GT: 58.00
[INFO] 08-02 | Clip 7 | Pred: 59.00 | GT: 58.00
[INFO] 08-02 | Clip 8 | Pred: 61.00 | GT: 62.00
[INFO] 08-02 | Clip 9 | Pred: 64.00 | GT: 64.00
[INFO] 08-02 | Clip 10 | Pred: 56.00 | GT: 66.00
[INFO] Saved clip HR results to /home/siming/physformer_pure/Inference_PURE_JSON_withpre/clip_HR_results.csv

[INFO] Processing 08-03 (5/20)
[INFO] Preprocessed 2259/2259 frames -> /home/siming/physformer_pure/Inference_PURE_JSON_withpre/PURE_pre_frames
/mnt/vdb/pure/08-03.json
E0000 00:00:1755228072.891568  286856 gl_context.cc:408] INTERNAL: ; RET_CHECK failure (mediapipe/gpu/gl_context_egl.cc:303) successeglMakeCurrent() returned error 0x3008;  (entering GL context)
E0000 00:00:1755228072.891614  286856 gl_context.cc:408] INTERNAL: ; RET_CHECK failure (mediapipe/gpu/gl_context_egl.cc:303) successeglMakeCurrent() returned error 0x3008;  (entering GL context)
E0000 00:00:1755228072.891636  286856 gl_context.cc:408] INTERNAL: ; RET_CHECK failure (mediapipe/gpu/gl_context_egl.cc:303) successeglMakeCurrent() returned error 0x3008;  (entering GL context)
[INFO] 08-03 | Clip 0 | Pred: 51.00 | GT: 56.00
[INFO] 08-03 | Clip 1 | Pred: 52.00 | GT: 56.00
[INFO] 08-03 | Clip 2 | Pred: 49.00 | GT: 56.00
[INFO] 08-03 | Clip 3 | Pred: 50.00 | GT: 55.00
[INFO] 08-03 | Clip 4 | Pred: 48.00 | GT: 51.00
[INFO] 08-03 | Clip 5 | Pred: 49.00 | GT: 51.00
[INFO] 08-03 | Clip 6 | Pred: 47.00 | GT: 50.00
[INFO] 08-03 | Clip 7 | Pred: 47.00 | GT: 50.00
[INFO] 08-03 | Clip 8 | Pred: 47.00 | GT: 50.00
[INFO] 08-03 | Clip 9 | Pred: 51.00 | GT: 49.00
[INFO] 08-03 | Clip 10 | Pred: 50.00 | GT: 49.00
[INFO] 08-03 | Clip 11 | Pred: 51.00 | GT: 49.00
[INFO] 08-03 | Clip 12 | Pred: 49.00 | GT: 49.00
[INFO] Saved clip HR results to /home/siming/physformer_pure/Inference_PURE_JSON_withpre/clip_HR_results.csv

[INFO] Processing 08-04 (6/20)
[INFO] Preprocessed 2297/2297 frames -> /home/siming/physformer_pure/Inference_PURE_JSON_withpre/PURE_pre_frames
/mnt/vdb/pure/08-04.json
E0000 00:00:1755228186.031232  286856 gl_context.cc:408] INTERNAL: ; RET_CHECK failure (mediapipe/gpu/gl_context_egl.cc:303) successeglMakeCurrent() returned error 0x3008;  (entering GL context)
E0000 00:00:1755228186.031280  286856 gl_context.cc:408] INTERNAL: ; RET_CHECK failure (mediapipe/gpu/gl_context_egl.cc:303) successeglMakeCurrent() returned error 0x3008;  (entering GL context)
E0000 00:00:1755228186.031298  286856 gl_context.cc:408] INTERNAL: ; RET_CHECK failure (mediapipe/gpu/gl_context_egl.cc:303) successeglMakeCurrent() returned error 0x3008;  (entering GL context)
[INFO] 08-04 | Clip 0 | Pred: 53.00 | GT: 62.00
[INFO] 08-04 | Clip 1 | Pred: 49.00 | GT: 62.00
[INFO] 08-04 | Clip 2 | Pred: 49.00 | GT: 62.00
[INFO] 08-04 | Clip 3 | Pred: 51.00 | GT: 57.00
[INFO] 08-04 | Clip 4 | Pred: 50.00 | GT: 56.00
[INFO] 08-04 | Clip 5 | Pred: 49.00 | GT: 53.00
[INFO] 08-04 | Clip 6 | Pred: 50.00 | GT: 53.00
[INFO] 08-04 | Clip 7 | Pred: 50.00 | GT: 53.00
[INFO] 08-04 | Clip 8 | Pred: 49.00 | GT: 53.00
[INFO] 08-04 | Clip 9 | Pred: 51.00 | GT: 52.00
[INFO] 08-04 | Clip 10 | Pred: 49.00 | GT: 52.00
[INFO] 08-04 | Clip 11 | Pred: 50.00 | GT: 53.00
[INFO] 08-04 | Clip 12 | Pred: 52.00 | GT: 53.00
[INFO] Saved clip HR results to /home/siming/physformer_pure/Inference_PURE_JSON_withpre/clip_HR_results.csv

[INFO] Processing 08-05 (7/20)
[INFO] Preprocessed 1951/1951 frames -> /home/siming/physformer_pure/Inference_PURE_JSON_withpre/PURE_pre_frames
/mnt/vdb/pure/08-05.json
E0000 00:00:1755228281.192240  286856 gl_context.cc:408] INTERNAL: ; RET_CHECK failure (mediapipe/gpu/gl_context_egl.cc:303) successeglMakeCurrent() returned error 0x3008;  (entering GL context)
E0000 00:00:1755228281.192285  286856 gl_context.cc:408] INTERNAL: ; RET_CHECK failure (mediapipe/gpu/gl_context_egl.cc:303) successeglMakeCurrent() returned error 0x3008;  (entering GL context)
E0000 00:00:1755228281.192299  286856 gl_context.cc:408] INTERNAL: ; RET_CHECK failure (mediapipe/gpu/gl_context_egl.cc:303) successeglMakeCurrent() returned error 0x3008;  (entering GL context)
[INFO] 08-05 | Clip 0 | Pred: 70.00 | GT: 55.00
[INFO] 08-05 | Clip 1 | Pred: 50.00 | GT: 55.00
[INFO] 08-05 | Clip 2 | Pred: 49.00 | GT: 55.00
[INFO] 08-05 | Clip 3 | Pred: 47.00 | GT: 53.00
[INFO] 08-05 | Clip 4 | Pred: 57.00 | GT: 52.00
[INFO] 08-05 | Clip 5 | Pred: 52.00 | GT: 52.00
[INFO] 08-05 | Clip 6 | Pred: 51.00 | GT: 52.00
[INFO] 08-05 | Clip 7 | Pred: 49.00 | GT: 52.00
[INFO] 08-05 | Clip 8 | Pred: 68.00 | GT: 51.00
[INFO] 08-05 | Clip 9 | Pred: 52.00 | GT: 51.00
[INFO] 08-05 | Clip 10 | Pred: 51.00 | GT: 52.00
[INFO] Saved clip HR results to /home/siming/physformer_pure/Inference_PURE_JSON_withpre/clip_HR_results.csv

[INFO] Processing 08-06 (8/20)
[INFO] Preprocessed 1964/1964 frames -> /home/siming/physformer_pure/Inference_PURE_JSON_withpre/PURE_pre_frames
/mnt/vdb/pure/08-06.json
E0000 00:00:1755228376.727116  286856 gl_context.cc:408] INTERNAL: ; RET_CHECK failure (mediapipe/gpu/gl_context_egl.cc:303) successeglMakeCurrent() returned error 0x3008;  (entering GL context)
E0000 00:00:1755228376.727164  286856 gl_context.cc:408] INTERNAL: ; RET_CHECK failure (mediapipe/gpu/gl_context_egl.cc:303) successeglMakeCurrent() returned error 0x3008;  (entering GL context)
E0000 00:00:1755228376.727182  286856 gl_context.cc:408] INTERNAL: ; RET_CHECK failure (mediapipe/gpu/gl_context_egl.cc:303) successeglMakeCurrent() returned error 0x3008;  (entering GL context)
[INFO] 08-06 | Clip 0 | Pred: 58.00 | GT: 61.00
[INFO] 08-06 | Clip 1 | Pred: 54.00 | GT: 60.00
[INFO] 08-06 | Clip 2 | Pred: 55.00 | GT: 58.00
[INFO] 08-06 | Clip 3 | Pred: 57.00 | GT: 56.00
[INFO] 08-06 | Clip 4 | Pred: 58.00 | GT: 54.00
[INFO] 08-06 | Clip 5 | Pred: 56.00 | GT: 54.00
[INFO] 08-06 | Clip 6 | Pred: 55.00 | GT: 53.00
[INFO] 08-06 | Clip 7 | Pred: 52.00 | GT: 53.00
[INFO] 08-06 | Clip 8 | Pred: 51.00 | GT: 53.00
[INFO] 08-06 | Clip 9 | Pred: 56.00 | GT: 53.00
[INFO] 08-06 | Clip 10 | Pred: 54.00 | GT: 53.00
[INFO] Saved clip HR results to /home/siming/physformer_pure/Inference_PURE_JSON_withpre/clip_HR_results.csv

[INFO] Processing 09-01 (9/20)
[INFO] Preprocessed 1965/1965 frames -> /home/siming/physformer_pure/Inference_PURE_JSON_withpre/PURE_pre_frames
/mnt/vdb/pure/09-01.json
E0000 00:00:1755228472.196190  286856 gl_context.cc:408] INTERNAL: ; RET_CHECK failure (mediapipe/gpu/gl_context_egl.cc:303) successeglMakeCurrent() returned error 0x3008;  (entering GL context)
E0000 00:00:1755228472.196236  286856 gl_context.cc:408] INTERNAL: ; RET_CHECK failure (mediapipe/gpu/gl_context_egl.cc:303) successeglMakeCurrent() returned error 0x3008;  (entering GL context)
E0000 00:00:1755228472.196255  286856 gl_context.cc:408] INTERNAL: ; RET_CHECK failure (mediapipe/gpu/gl_context_egl.cc:303) successeglMakeCurrent() returned error 0x3008;  (entering GL context)
[INFO] 09-01 | Clip 0 | Pred: 45.00 | GT: 46.00
[INFO] 09-01 | Clip 1 | Pred: 47.00 | GT: 47.00
[INFO] 09-01 | Clip 2 | Pred: 47.00 | GT: 47.00
[INFO] 09-01 | Clip 3 | Pred: 45.00 | GT: 47.00
[INFO] 09-01 | Clip 4 | Pred: 87.00 | GT: 47.00
[INFO] 09-01 | Clip 5 | Pred: 48.00 | GT: 47.00
[INFO] 09-01 | Clip 6 | Pred: 47.00 | GT: 47.00
[INFO] 09-01 | Clip 7 | Pred: 47.00 | GT: 46.00
[INFO] 09-01 | Clip 8 | Pred: 47.00 | GT: 46.00
[INFO] 09-01 | Clip 9 | Pred: 47.00 | GT: 46.00
[INFO] 09-01 | Clip 10 | Pred: 85.00 | GT: 46.00
[INFO] Saved clip HR results to /home/siming/physformer_pure/Inference_PURE_JSON_withpre/clip_HR_results.csv

[INFO] Processing 09-02 (10/20)
[INFO] Preprocessed 2017/2017 frames -> /home/siming/physformer_pure/Inference_PURE_JSON_withpre/PURE_pre_frames
/mnt/vdb/pure/09-02.json
E0000 00:00:1755228568.936638  286856 gl_context.cc:408] INTERNAL: ; RET_CHECK failure (mediapipe/gpu/gl_context_egl.cc:303) successeglMakeCurrent() returned error 0x3008;  (entering GL context)
E0000 00:00:1755228568.936734  286856 gl_context.cc:408] INTERNAL: ; RET_CHECK failure (mediapipe/gpu/gl_context_egl.cc:303) successeglMakeCurrent() returned error 0x3008;  (entering GL context)
E0000 00:00:1755228568.936773  286856 gl_context.cc:408] INTERNAL: ; RET_CHECK failure (mediapipe/gpu/gl_context_egl.cc:303) successeglMakeCurrent() returned error 0x3008;  (entering GL context)
[INFO] 09-02 | Clip 0 | Pred: 51.00 | GT: 45.00
[INFO] 09-02 | Clip 1 | Pred: 54.00 | GT: 45.00
[INFO] 09-02 | Clip 2 | Pred: 66.00 | GT: 47.00
[INFO] 09-02 | Clip 3 | Pred: 66.00 | GT: 48.00
[INFO] 09-02 | Clip 4 | Pred: 63.00 | GT: 49.00
[INFO] 09-02 | Clip 5 | Pred: 86.00 | GT: 50.00
[INFO] 09-02 | Clip 6 | Pred: 44.00 | GT: 51.00
[INFO] 09-02 | Clip 7 | Pred: 74.00 | GT: 52.00
[INFO] 09-02 | Clip 8 | Pred: 51.00 | GT: 54.00
[INFO] 09-02 | Clip 9 | Pred: 56.00 | GT: 55.00
[INFO] 09-02 | Clip 10 | Pred: 56.00 | GT: 55.00
[INFO] Saved clip HR results to /home/siming/physformer_pure/Inference_PURE_JSON_withpre/clip_HR_results.csv

[INFO] Processing 09-03 (11/20)
[INFO] Preprocessed 2285/2285 frames -> /home/siming/physformer_pure/Inference_PURE_JSON_withpre/PURE_pre_frames
/mnt/vdb/pure/09-03.json
E0000 00:00:1755228682.349141  286856 gl_context.cc:408] INTERNAL: ; RET_CHECK failure (mediapipe/gpu/gl_context_egl.cc:303) successeglMakeCurrent() returned error 0x3008;  (entering GL context)
E0000 00:00:1755228682.349186  286856 gl_context.cc:408] INTERNAL: ; RET_CHECK failure (mediapipe/gpu/gl_context_egl.cc:303) successeglMakeCurrent() returned error 0x3008;  (entering GL context)
E0000 00:00:1755228682.349199  286856 gl_context.cc:408] INTERNAL: ; RET_CHECK failure (mediapipe/gpu/gl_context_egl.cc:303) successeglMakeCurrent() returned error 0x3008;  (entering GL context)
[INFO] 09-03 | Clip 0 | Pred: 51.00 | GT: 51.00
[INFO] 09-03 | Clip 1 | Pred: 48.00 | GT: 51.00
[INFO] 09-03 | Clip 2 | Pred: 96.00 | GT: 49.00
[INFO] 09-03 | Clip 3 | Pred: 48.00 | GT: 48.00
[INFO] 09-03 | Clip 4 | Pred: 47.00 | GT: 48.00
[INFO] 09-03 | Clip 5 | Pred: 50.00 | GT: 48.00
[INFO] 09-03 | Clip 6 | Pred: 48.00 | GT: 48.00
[INFO] 09-03 | Clip 7 | Pred: 95.00 | GT: 48.00
[INFO] 09-03 | Clip 8 | Pred: 48.00 | GT: 48.00
[INFO] 09-03 | Clip 9 | Pred: 46.00 | GT: 49.00
[INFO] 09-03 | Clip 10 | Pred: 48.00 | GT: 47.00
[INFO] 09-03 | Clip 11 | Pred: 48.00 | GT: 47.00
[INFO] 09-03 | Clip 12 | Pred: 49.00 | GT: 47.00
[INFO] Saved clip HR results to /home/siming/physformer_pure/Inference_PURE_JSON_withpre/clip_HR_results.csv

[INFO] Processing 09-04 (12/20)
[INFO] Preprocessed 2579/2579 frames -> /home/siming/physformer_pure/Inference_PURE_JSON_withpre/PURE_pre_frames
/mnt/vdb/pure/09-04.json
E0000 00:00:1755228811.751805  286856 gl_context.cc:408] INTERNAL: ; RET_CHECK failure (mediapipe/gpu/gl_context_egl.cc:303) successeglMakeCurrent() returned error 0x3008;  (entering GL context)
E0000 00:00:1755228811.751850  286856 gl_context.cc:408] INTERNAL: ; RET_CHECK failure (mediapipe/gpu/gl_context_egl.cc:303) successeglMakeCurrent() returned error 0x3008;  (entering GL context)
E0000 00:00:1755228811.751863  286856 gl_context.cc:408] INTERNAL: ; RET_CHECK failure (mediapipe/gpu/gl_context_egl.cc:303) successeglMakeCurrent() returned error 0x3008;  (entering GL context)
[INFO] 09-04 | Clip 0 | Pred: 50.00 | GT: 51.00
[INFO] 09-04 | Clip 1 | Pred: 50.00 | GT: 52.00
[INFO] 09-04 | Clip 2 | Pred: 44.00 | GT: 51.00
[INFO] 09-04 | Clip 3 | Pred: 48.00 | GT: 49.00
[INFO] 09-04 | Clip 4 | Pred: 89.00 | GT: 48.00
[INFO] 09-04 | Clip 5 | Pred: 89.00 | GT: 46.00
[INFO] 09-04 | Clip 6 | Pred: 47.00 | GT: 45.00
[INFO] 09-04 | Clip 7 | Pred: 76.00 | GT: 45.00
[INFO] 09-04 | Clip 8 | Pred: 49.00 | GT: 46.00
[INFO] 09-04 | Clip 9 | Pred: 48.00 | GT: 47.00
[INFO] 09-04 | Clip 10 | Pred: 49.00 | GT: 47.00
[INFO] 09-04 | Clip 11 | Pred: 46.00 | GT: 48.00
[INFO] 09-04 | Clip 12 | Pred: 48.00 | GT: 48.00
[INFO] 09-04 | Clip 13 | Pred: 50.00 | GT: 48.00
[INFO] 09-04 | Clip 14 | Pred: 47.00 | GT: 48.00
[INFO] Saved clip HR results to /home/siming/physformer_pure/Inference_PURE_JSON_withpre/clip_HR_results.csv

[INFO] Processing 09-05 (13/20)
[INFO] Preprocessed 1962/1962 frames -> /home/siming/physformer_pure/Inference_PURE_JSON_withpre/PURE_pre_frames
/mnt/vdb/pure/09-05.json
E0000 00:00:1755228906.737952  286856 gl_context.cc:408] INTERNAL: ; RET_CHECK failure (mediapipe/gpu/gl_context_egl.cc:303) successeglMakeCurrent() returned error 0x3008;  (entering GL context)
E0000 00:00:1755228906.737999  286856 gl_context.cc:408] INTERNAL: ; RET_CHECK failure (mediapipe/gpu/gl_context_egl.cc:303) successeglMakeCurrent() returned error 0x3008;  (entering GL context)
E0000 00:00:1755228906.738012  286856 gl_context.cc:408] INTERNAL: ; RET_CHECK failure (mediapipe/gpu/gl_context_egl.cc:303) successeglMakeCurrent() returned error 0x3008;  (entering GL context)
[INFO] 09-05 | Clip 0 | Pred: 46.00 | GT: 46.00
[INFO] 09-05 | Clip 1 | Pred: 55.00 | GT: 45.00
[INFO] 09-05 | Clip 2 | Pred: 49.00 | GT: 45.00
[INFO] 09-05 | Clip 3 | Pred: 54.00 | GT: 46.00
[INFO] 09-05 | Clip 4 | Pred: 50.00 | GT: 46.00
[INFO] 09-05 | Clip 5 | Pred: 48.00 | GT: 47.00
[INFO] 09-05 | Clip 6 | Pred: 46.00 | GT: 47.00
[INFO] 09-05 | Clip 7 | Pred: 46.00 | GT: 48.00
[INFO] 09-05 | Clip 8 | Pred: 64.00 | GT: 48.00
[INFO] 09-05 | Clip 9 | Pred: 71.00 | GT: 48.00
[INFO] 09-05 | Clip 10 | Pred: 49.00 | GT: 48.00
[INFO] Saved clip HR results to /home/siming/physformer_pure/Inference_PURE_JSON_withpre/clip_HR_results.csv

[INFO] Processing 09-06 (14/20)
[INFO] Preprocessed 1983/1983 frames -> /home/siming/physformer_pure/Inference_PURE_JSON_withpre/PURE_pre_frames
/mnt/vdb/pure/09-06.json
E0000 00:00:1755229002.846494  286856 gl_context.cc:408] INTERNAL: ; RET_CHECK failure (mediapipe/gpu/gl_context_egl.cc:303) successeglMakeCurrent() returned error 0x3008;  (entering GL context)
E0000 00:00:1755229002.846547  286856 gl_context.cc:408] INTERNAL: ; RET_CHECK failure (mediapipe/gpu/gl_context_egl.cc:303) successeglMakeCurrent() returned error 0x3008;  (entering GL context)
E0000 00:00:1755229002.846560  286856 gl_context.cc:408] INTERNAL: ; RET_CHECK failure (mediapipe/gpu/gl_context_egl.cc:303) successeglMakeCurrent() returned error 0x3008;  (entering GL context)
[INFO] 09-06 | Clip 0 | Pred: 97.00 | GT: 48.00
[INFO] 09-06 | Clip 1 | Pred: 46.00 | GT: 47.00
[INFO] 09-06 | Clip 2 | Pred: 44.00 | GT: 47.00
[INFO] 09-06 | Clip 3 | Pred: 97.00 | GT: 47.00
[INFO] 09-06 | Clip 4 | Pred: 48.00 | GT: 47.00
[INFO] 09-06 | Clip 5 | Pred: 49.00 | GT: 48.00
[INFO] 09-06 | Clip 6 | Pred: 95.00 | GT: 49.00
[INFO] 09-06 | Clip 7 | Pred: 46.00 | GT: 49.00
[INFO] 09-06 | Clip 8 | Pred: 52.00 | GT: 50.00
[INFO] 09-06 | Clip 9 | Pred: 96.00 | GT: 49.00
[INFO] 09-06 | Clip 10 | Pred: 51.00 | GT: 49.00
[INFO] Saved clip HR results to /home/siming/physformer_pure/Inference_PURE_JSON_withpre/clip_HR_results.csv

[INFO] Processing 10-01 (15/20)
[INFO] Preprocessed 1952/1952 frames -> /home/siming/physformer_pure/Inference_PURE_JSON_withpre/PURE_pre_frames
/mnt/vdb/pure/10-01.json
E0000 00:00:1755229099.226786  286856 gl_context.cc:408] INTERNAL: ; RET_CHECK failure (mediapipe/gpu/gl_context_egl.cc:303) successeglMakeCurrent() returned error 0x3008;  (entering GL context)
E0000 00:00:1755229099.226829  286856 gl_context.cc:408] INTERNAL: ; RET_CHECK failure (mediapipe/gpu/gl_context_egl.cc:303) successeglMakeCurrent() returned error 0x3008;  (entering GL context)
E0000 00:00:1755229099.226841  286856 gl_context.cc:408] INTERNAL: ; RET_CHECK failure (mediapipe/gpu/gl_context_egl.cc:303) successeglMakeCurrent() returned error 0x3008;  (entering GL context)
[INFO] 10-01 | Clip 0 | Pred: 93.00 | GT: 86.00
[INFO] 10-01 | Clip 1 | Pred: 82.00 | GT: 90.00
[INFO] 10-01 | Clip 2 | Pred: 82.00 | GT: 86.00
[INFO] 10-01 | Clip 3 | Pred: 83.00 | GT: 84.00
[INFO] 10-01 | Clip 4 | Pred: 84.00 | GT: 83.00
[INFO] 10-01 | Clip 5 | Pred: 86.00 | GT: 82.00
[INFO] 10-01 | Clip 6 | Pred: 85.00 | GT: 86.00
[INFO] 10-01 | Clip 7 | Pred: 80.00 | GT: 85.00
[INFO] 10-01 | Clip 8 | Pred: 78.00 | GT: 84.00
[INFO] 10-01 | Clip 9 | Pred: 77.00 | GT: 81.00
[INFO] 10-01 | Clip 10 | Pred: 80.00 | GT: 78.00
[INFO] Saved clip HR results to /home/siming/physformer_pure/Inference_PURE_JSON_withpre/clip_HR_results.csv

[INFO] Processing 10-02 (16/20)
[INFO] Preprocessed 1993/1993 frames -> /home/siming/physformer_pure/Inference_PURE_JSON_withpre/PURE_pre_frames
/mnt/vdb/pure/10-02.json
E0000 00:00:1755229197.086040  286856 gl_context.cc:408] INTERNAL: ; RET_CHECK failure (mediapipe/gpu/gl_context_egl.cc:303) successeglMakeCurrent() returned error 0x3008;  (entering GL context)
E0000 00:00:1755229197.086083  286856 gl_context.cc:408] INTERNAL: ; RET_CHECK failure (mediapipe/gpu/gl_context_egl.cc:303) successeglMakeCurrent() returned error 0x3008;  (entering GL context)
E0000 00:00:1755229197.086096  286856 gl_context.cc:408] INTERNAL: ; RET_CHECK failure (mediapipe/gpu/gl_context_egl.cc:303) successeglMakeCurrent() returned error 0x3008;  (entering GL context)
[INFO] 10-02 | Clip 0 | Pred: 99.00 | GT: 92.00
[INFO] 10-02 | Clip 1 | Pred: 104.00 | GT: 97.00
[INFO] 10-02 | Clip 2 | Pred: 105.00 | GT: 104.00
[INFO] 10-02 | Clip 3 | Pred: 99.00 | GT: 105.00
[INFO] 10-02 | Clip 4 | Pred: 101.00 | GT: 100.00
[INFO] 10-02 | Clip 5 | Pred: 103.00 | GT: 102.00
[INFO] 10-02 | Clip 6 | Pred: 101.00 | GT: 103.00
[INFO] 10-02 | Clip 7 | Pred: 82.00 | GT: 98.00
[INFO] 10-02 | Clip 8 | Pred: 96.00 | GT: 102.00
[INFO] 10-02 | Clip 9 | Pred: 88.00 | GT: 100.00
[INFO] 10-02 | Clip 10 | Pred: 91.00 | GT: 98.00
[INFO] Saved clip HR results to /home/siming/physformer_pure/Inference_PURE_JSON_withpre/clip_HR_results.csv

[INFO] Processing 10-03 (17/20)
[INFO] Preprocessed 2299/2300 frames -> /home/siming/physformer_pure/Inference_PURE_JSON_withpre/PURE_pre_frames
/mnt/vdb/pure/10-03.json
[WARN] Missing or empty image: /home/siming/physformer_pure/Inference_PURE_JSON_withpre/PURE_pre_frames/Image1392723244303784000.png
[INFO] Using black image instead.
[WARN] Missing or empty image: /home/siming/physformer_pure/Inference_PURE_JSON_withpre/PURE_pre_frames/Image1392723244303784000.png
[INFO] Using black image instead.
E0000 00:00:1755229310.761585  286856 gl_context.cc:408] INTERNAL: ; RET_CHECK failure (mediapipe/gpu/gl_context_egl.cc:303) successeglMakeCurrent() returned error 0x3008;  (entering GL context)
E0000 00:00:1755229310.761627  286856 gl_context.cc:408] INTERNAL: ; RET_CHECK failure (mediapipe/gpu/gl_context_egl.cc:303) successeglMakeCurrent() returned error 0x3008;  (entering GL context)
E0000 00:00:1755229310.761640  286856 gl_context.cc:408] INTERNAL: ; RET_CHECK failure (mediapipe/gpu/gl_context_egl.cc:303) successeglMakeCurrent() returned error 0x3008;  (entering GL context)
[INFO] 10-03 | Clip 0 | Pred: 79.00 | GT: 85.00
[INFO] 10-03 | Clip 1 | Pred: 70.00 | GT: 83.00
[INFO] 10-03 | Clip 2 | Pred: 71.00 | GT: 79.00
[INFO] 10-03 | Clip 3 | Pred: 72.00 | GT: 71.00
[INFO] 10-03 | Clip 4 | Pred: 70.00 | GT: 70.00
[INFO] 10-03 | Clip 5 | Pred: 73.00 | GT: 71.00
[INFO] 10-03 | Clip 6 | Pred: 71.00 | GT: 72.00
[INFO] 10-03 | Clip 7 | Pred: 73.00 | GT: 73.00
[INFO] 10-03 | Clip 8 | Pred: 75.00 | GT: 72.00
[INFO] 10-03 | Clip 9 | Pred: 76.00 | GT: 73.00
[INFO] 10-03 | Clip 10 | Pred: 70.00 | GT: 74.00
[INFO] 10-03 | Clip 11 | Pred: 76.00 | GT: 75.00
[INFO] 10-03 | Clip 12 | Pred: 73.00 | GT: 77.00
[INFO] Saved clip HR results to /home/siming/physformer_pure/Inference_PURE_JSON_withpre/clip_HR_results.csv

[INFO] Processing 10-04 (18/20)
[INFO] Preprocessed 2337/2337 frames -> /home/siming/physformer_pure/Inference_PURE_JSON_withpre/PURE_pre_frames
/mnt/vdb/pure/10-04.json
E0000 00:00:1755229425.296890  286856 gl_context.cc:408] INTERNAL: ; RET_CHECK failure (mediapipe/gpu/gl_context_egl.cc:303) successeglMakeCurrent() returned error 0x3008;  (entering GL context)
E0000 00:00:1755229425.296933  286856 gl_context.cc:408] INTERNAL: ; RET_CHECK failure (mediapipe/gpu/gl_context_egl.cc:303) successeglMakeCurrent() returned error 0x3008;  (entering GL context)
E0000 00:00:1755229425.296951  286856 gl_context.cc:408] INTERNAL: ; RET_CHECK failure (mediapipe/gpu/gl_context_egl.cc:303) successeglMakeCurrent() returned error 0x3008;  (entering GL context)
[INFO] 10-04 | Clip 0 | Pred: 78.00 | GT: 84.00
[INFO] 10-04 | Clip 1 | Pred: 71.00 | GT: 84.00
[INFO] 10-04 | Clip 2 | Pred: 72.00 | GT: 84.00
[INFO] 10-04 | Clip 3 | Pred: 71.00 | GT: 81.00
[INFO] 10-04 | Clip 4 | Pred: 73.00 | GT: 81.00
[INFO] 10-04 | Clip 5 | Pred: 74.00 | GT: 81.00
[INFO] 10-04 | Clip 6 | Pred: 76.00 | GT: 76.00
[INFO] 10-04 | Clip 7 | Pred: 74.00 | GT: 77.00
[INFO] 10-04 | Clip 8 | Pred: 74.00 | GT: 75.00
[INFO] 10-04 | Clip 9 | Pred: 76.00 | GT: 76.00
[INFO] 10-04 | Clip 10 | Pred: 74.00 | GT: 78.00
[INFO] 10-04 | Clip 11 | Pred: 74.00 | GT: 74.00
[INFO] 10-04 | Clip 12 | Pred: 76.00 | GT: 74.00
[INFO] Saved clip HR results to /home/siming/physformer_pure/Inference_PURE_JSON_withpre/clip_HR_results.csv

[INFO] Processing 10-05 (19/20)
[INFO] Preprocessed 1959/1959 frames -> /home/siming/physformer_pure/Inference_PURE_JSON_withpre/PURE_pre_frames
/mnt/vdb/pure/10-05.json
E0000 00:00:1755229521.683076  286856 gl_context.cc:408] INTERNAL: ; RET_CHECK failure (mediapipe/gpu/gl_context_egl.cc:303) successeglMakeCurrent() returned error 0x3008;  (entering GL context)
E0000 00:00:1755229521.683117  286856 gl_context.cc:408] INTERNAL: ; RET_CHECK failure (mediapipe/gpu/gl_context_egl.cc:303) successeglMakeCurrent() returned error 0x3008;  (entering GL context)
E0000 00:00:1755229521.683130  286856 gl_context.cc:408] INTERNAL: ; RET_CHECK failure (mediapipe/gpu/gl_context_egl.cc:303) successeglMakeCurrent() returned error 0x3008;  (entering GL context)
[INFO] 10-05 | Clip 0 | Pred: 73.00 | GT: 85.00
[INFO] 10-05 | Clip 1 | Pred: 75.00 | GT: 86.00
[INFO] 10-05 | Clip 2 | Pred: 70.00 | GT: 85.00
[INFO] 10-05 | Clip 3 | Pred: 74.00 | GT: 76.00
[INFO] 10-05 | Clip 4 | Pred: 74.00 | GT: 73.00
[INFO] 10-05 | Clip 5 | Pred: 72.00 | GT: 76.00
[INFO] 10-05 | Clip 6 | Pred: 74.00 | GT: 75.00
[INFO] 10-05 | Clip 7 | Pred: 75.00 | GT: 75.00
[INFO] 10-05 | Clip 8 | Pred: 71.00 | GT: 75.00
[INFO] 10-05 | Clip 9 | Pred: 75.00 | GT: 75.00
[INFO] 10-05 | Clip 10 | Pred: 75.00 | GT: 75.00
[INFO] Saved clip HR results to /home/siming/physformer_pure/Inference_PURE_JSON_withpre/clip_HR_results.csv

[INFO] Processing 10-06 (20/20)
[INFO] Preprocessed 1950/1950 frames -> /home/siming/physformer_pure/Inference_PURE_JSON_withpre/PURE_pre_frames
/mnt/vdb/pure/10-06.json
[INFO] 10-06 | Clip 0 | Pred: 78.00 | GT: 80.00
[INFO] 10-06 | Clip 1 | Pred: 78.00 | GT: 79.00
[INFO] 10-06 | Clip 2 | Pred: 77.00 | GT: 77.00
[INFO] 10-06 | Clip 3 | Pred: 74.00 | GT: 76.00
[INFO] 10-06 | Clip 4 | Pred: 78.00 | GT: 78.00
[INFO] 10-06 | Clip 5 | Pred: 78.00 | GT: 78.00
[INFO] 10-06 | Clip 6 | Pred: 78.00 | GT: 79.00
[INFO] 10-06 | Clip 7 | Pred: 79.00 | GT: 79.00
[INFO] 10-06 | Clip 8 | Pred: 76.00 | GT: 79.00
[INFO] 10-06 | Clip 9 | Pred: 79.00 | GT: 79.00
[INFO] 10-06 | Clip 10 | Pred: 78.00 | GT: 78.00
[INFO] Saved clip HR results to /home/siming/physformer_pure/Inference_PURE_JSON_withpre/clip_HR_results.csv
